[07:21:37.404] Global cache location '/home/jason/.cache/typescript/4.6', safe file path '/home/jason/.emacs.d/.local/etc/.cache/lsp/npm/typescript/lib/node_modules/typescript/lib/typingSafeList.json', types map path /home/jason/.emacs.d/.local/etc/.cache/lsp/npm/typescript/lib/node_modules/typescript/lib/typesMap.json
[07:21:37.404] Processing cache location '/home/jason/.cache/typescript/4.6'
[07:21:37.404] Trying to find '/home/jason/.cache/typescript/4.6/package.json'...
[07:21:37.405] Loaded content of '/home/jason/.cache/typescript/4.6/package.json': {"private":true,"dependencies":{"types-registry":"^0.1.587"},"devDependencies":{"@types/html":"^1.0.1","@types/karma":"^6.3.3","@types/karma-chrome-launcher":"^3.1.1","@types/karma-coverage":"^2.0.1","@types/karma-jasmine":"^4.0.2","@types/karma-jasmine-html-reporter":"^1.7.0","@types/parcel-bundler":"^1.12.4","@types/rx":"^4.1.2","@types/tailwindcss":"^3.0.10","@types/uuid":"^8.3.4"}}
[07:21:37.405] Loaded content of '/home/jason/.cache/typescript/4.6/package-lock.json'
[07:21:37.412] Adding entry into typings cache: 'html' => '/home/jason/.cache/typescript/4.6/node_modules/@types/html/index.d.ts'
[07:21:37.413] Adding entry into typings cache: 'karma' => '/home/jason/.cache/typescript/4.6/node_modules/@types/karma/index.d.ts'
[07:21:37.414] Adding entry into typings cache: 'karma-chrome-launcher' => '/home/jason/.cache/typescript/4.6/node_modules/@types/karma-chrome-launcher/index.d.ts'
[07:21:37.415] Adding entry into typings cache: 'karma-coverage' => '/home/jason/.cache/typescript/4.6/node_modules/@types/karma-coverage/index.d.ts'
[07:21:37.416] Adding entry into typings cache: 'karma-jasmine' => '/home/jason/.cache/typescript/4.6/node_modules/@types/karma-jasmine/index.d.ts'
[07:21:37.416] Adding entry into typings cache: 'karma-jasmine-html-reporter' => '/home/jason/.cache/typescript/4.6/node_modules/@types/karma-jasmine-html-reporter/index.d.ts'
[07:21:37.417] Adding entry into typings cache: 'parcel-bundler' => '/home/jason/.cache/typescript/4.6/node_modules/@types/parcel-bundler/index.d.ts'
[07:21:37.418] Adding entry into typings cache: 'rx' => '/home/jason/.cache/typescript/4.6/node_modules/@types/rx/index.d.ts'
[07:21:37.419] Adding entry into typings cache: 'tailwindcss' => '/home/jason/.cache/typescript/4.6/node_modules/@types/tailwindcss/index.d.ts'
[07:21:37.420] Adding entry into typings cache: 'uuid' => '/home/jason/.cache/typescript/4.6/node_modules/@types/uuid/index.d.ts'
[07:21:37.420] Finished processing cache location '/home/jason/.cache/typescript/4.6'
[07:21:37.420] Process id: 33243
[07:21:37.420] NPM location: /usr/bin/npm (explicit '--npmLocation' not  provided)
[07:21:37.420] validateDefaultNpmLocation: false
[07:21:37.420] Npm config file: /home/jason/.cache/typescript/4.6/package.json
[07:21:37.420] Updating types-registry npm package...
[07:21:37.421] Exec: /usr/bin/npm install --ignore-scripts types-registry@latest
[07:21:38.010]     Succeeded. stdout:
    
    up to date, audited 41 packages in 492ms

found 0 vulnerabilities

[07:21:38.010] Updated types-registry npm package
[07:21:38.432] Got install request {"projectName":"/dev/null/inferredProject1*","fileNames":["/home/jason/.emacs.d/.local/etc/.cache/lsp/npm/typescript/lib/node_modules/typescript/lib/lib.es5.d.ts","/home/jason/.emacs.d/.local/etc/.cache/lsp/npm/typescript/lib/node_modules/typescript/lib/lib.es2015.d.ts","/home/jason/.emacs.d/.local/etc/.cache/lsp/npm/typescript/lib/node_modules/typescript/lib/lib.es2016.d.ts","/home/jason/.emacs.d/.local/etc/.cache/lsp/npm/typescript/lib/node_modules/typescript/lib/lib.dom.d.ts","/home/jason/.emacs.d/.local/etc/.cache/lsp/npm/typescript/lib/node_modules/typescript/lib/lib.dom.iterable.d.ts","/home/jason/.emacs.d/.local/etc/.cache/lsp/npm/typescript/lib/node_modules/typescript/lib/lib.webworker.importscripts.d.ts","/home/jason/.emacs.d/.local/etc/.cache/lsp/npm/typescript/lib/node_modules/typescript/lib/lib.scripthost.d.ts","/home/jason/.emacs.d/.local/etc/.cache/lsp/npm/typescript/lib/node_modules/typescript/lib/lib.es2015.core.d.ts","/home/jason/.emacs.d/.local/etc/.cache/lsp/npm/typescript/lib/node_modules/typescript/lib/lib.es2015.collection.d.ts","/home/jason/.emacs.d/.local/etc/.cache/lsp/npm/typescript/lib/node_modules/typescript/lib/lib.es2015.generator.d.ts","/home/jason/.emacs.d/.local/etc/.cache/lsp/npm/typescript/lib/node_modules/typescript/lib/lib.es2015.iterable.d.ts","/home/jason/.emacs.d/.local/etc/.cache/lsp/npm/typescript/lib/node_modules/typescript/lib/lib.es2015.promise.d.ts","/home/jason/.emacs.d/.local/etc/.cache/lsp/npm/typescript/lib/node_modules/typescript/lib/lib.es2015.proxy.d.ts","/home/jason/.emacs.d/.local/etc/.cache/lsp/npm/typescript/lib/node_modules/typescript/lib/lib.es2015.reflect.d.ts","/home/jason/.emacs.d/.local/etc/.cache/lsp/npm/typescript/lib/node_modules/typescript/lib/lib.es2015.symbol.d.ts","/home/jason/.emacs.d/.local/etc/.cache/lsp/npm/typescript/lib/node_modules/typescript/lib/lib.es2015.symbol.wellknown.d.ts","/home/jason/.emacs.d/.local/etc/.cache/lsp/npm/typescript/lib/node_modules/typescript/lib/lib.es2016.array.include.d.ts","/home/jason/.emacs.d/.local/etc/.cache/lsp/npm/typescript/lib/node_modules/typescript/lib/lib.es2016.full.d.ts","/home/jason/web_apps/img-effects/pkg/index.d.ts","/home/jason/web_apps/img-effects/public/main.js"],"compilerOptions":{"module":1,"target":3,"jsx":1,"allowJs":true,"allowSyntheticDefaultImports":true,"allowNonTsExtensions":true,"noEmitForJsFiles":true,"maxNodeModuleJsDepth":2},"typeAcquisition":{"enable":true,"include":[],"exclude":[]},"unresolvedImports":[],"projectRootPath":"/home/jason/web_apps/img-effects/public","kind":"discover"}
[07:21:38.438] Loaded safelist from types map file '/home/jason/.emacs.d/.local/etc/.cache/lsp/npm/typescript/lib/node_modules/typescript/lib/typesMap.json'
[07:21:38.439] Explicitly included types: []
[07:21:38.439] Inferred typings from unresolved imports: []
[07:21:38.439] Result: {"cachedTypingPaths":[],"newTypingNames":[],"filesToWatch":["/home/jason/web_apps/img-effects/public/bower_components","/home/jason/web_apps/img-effects/public/node_modules"]}
[07:21:38.439] Finished typings discovery: {"cachedTypingPaths":[],"newTypingNames":[],"filesToWatch":["/home/jason/web_apps/img-effects/public/bower_components","/home/jason/web_apps/img-effects/public/node_modules"]}
[07:21:38.439] DirectoryWatcher:: Added:: WatchInfo: /home/jason/web_apps/img-effects/public/bower_components
[07:21:38.440] DirectoryWatcher:: Added:: WatchInfo: /home/jason/web_apps/img-effects/public/bower_components 1 undefined Project: /dev/null/inferredProject1* watcher already invoked: false
[07:21:38.440] Elapsed:: 0.8737899996340275ms DirectoryWatcher:: Added:: WatchInfo: /home/jason/web_apps/img-effects/public/bower_components 1 undefined Project: /dev/null/inferredProject1* watcher already invoked: false
[07:21:38.441] DirectoryWatcher:: Added:: WatchInfo: /home/jason/web_apps/img-effects/public/node_modules
[07:21:38.441] DirectoryWatcher:: Added:: WatchInfo: /home/jason/web_apps/img-effects/public/node_modules 1 undefined Project: /dev/null/inferredProject1* watcher already invoked: false
[07:21:38.441] Elapsed:: 0.0510259997099638ms DirectoryWatcher:: Added:: WatchInfo: /home/jason/web_apps/img-effects/public/node_modules 1 undefined Project: /dev/null/inferredProject1* watcher already invoked: false
[07:21:38.441] Sending response:
    {"projectName":"/dev/null/inferredProject1*","typeAcquisition":{"enable":true,"include":[],"exclude":[]},"compilerOptions":{"module":1,"target":3,"jsx":1,"allowJs":true,"allowSyntheticDefaultImports":true,"allowNonTsExtensions":true,"noEmitForJsFiles":true,"maxNodeModuleJsDepth":2},"typings":[],"unresolvedImports":[],"kind":"action::set"}
[07:21:38.441] Response has been sent.
[07:21:38.441] No new typings were requested as a result of typings discovery
[07:29:46.756] Got install request {"projectName":"/dev/null/inferredProject1*","fileNames":["/home/jason/.emacs.d/.local/etc/.cache/lsp/npm/typescript/lib/node_modules/typescript/lib/lib.es5.d.ts","/home/jason/.emacs.d/.local/etc/.cache/lsp/npm/typescript/lib/node_modules/typescript/lib/lib.es2015.d.ts","/home/jason/.emacs.d/.local/etc/.cache/lsp/npm/typescript/lib/node_modules/typescript/lib/lib.es2016.d.ts","/home/jason/.emacs.d/.local/etc/.cache/lsp/npm/typescript/lib/node_modules/typescript/lib/lib.dom.d.ts","/home/jason/.emacs.d/.local/etc/.cache/lsp/npm/typescript/lib/node_modules/typescript/lib/lib.dom.iterable.d.ts","/home/jason/.emacs.d/.local/etc/.cache/lsp/npm/typescript/lib/node_modules/typescript/lib/lib.webworker.importscripts.d.ts","/home/jason/.emacs.d/.local/etc/.cache/lsp/npm/typescript/lib/node_modules/typescript/lib/lib.scripthost.d.ts","/home/jason/.emacs.d/.local/etc/.cache/lsp/npm/typescript/lib/node_modules/typescript/lib/lib.es2015.core.d.ts","/home/jason/.emacs.d/.local/etc/.cache/lsp/npm/typescript/lib/node_modules/typescript/lib/lib.es2015.collection.d.ts","/home/jason/.emacs.d/.local/etc/.cache/lsp/npm/typescript/lib/node_modules/typescript/lib/lib.es2015.generator.d.ts","/home/jason/.emacs.d/.local/etc/.cache/lsp/npm/typescript/lib/node_modules/typescript/lib/lib.es2015.iterable.d.ts","/home/jason/.emacs.d/.local/etc/.cache/lsp/npm/typescript/lib/node_modules/typescript/lib/lib.es2015.promise.d.ts","/home/jason/.emacs.d/.local/etc/.cache/lsp/npm/typescript/lib/node_modules/typescript/lib/lib.es2015.proxy.d.ts","/home/jason/.emacs.d/.local/etc/.cache/lsp/npm/typescript/lib/node_modules/typescript/lib/lib.es2015.reflect.d.ts","/home/jason/.emacs.d/.local/etc/.cache/lsp/npm/typescript/lib/node_modules/typescript/lib/lib.es2015.symbol.d.ts","/home/jason/.emacs.d/.local/etc/.cache/lsp/npm/typescript/lib/node_modules/typescript/lib/lib.es2015.symbol.wellknown.d.ts","/home/jason/.emacs.d/.local/etc/.cache/lsp/npm/typescript/lib/node_modules/typescript/lib/lib.es2016.array.include.d.ts","/home/jason/.emacs.d/.local/etc/.cache/lsp/npm/typescript/lib/node_modules/typescript/lib/lib.es2016.full.d.ts","/home/jason/web_apps/img-effects/pkg/index.d.ts","/home/jason/web_apps/img-effects/public/main.js"],"compilerOptions":{"module":1,"target":3,"jsx":1,"allowJs":true,"allowSyntheticDefaultImports":true,"allowNonTsExtensions":true,"noEmitForJsFiles":true,"maxNodeModuleJsDepth":2},"typeAcquisition":{"enable":true,"include":[],"exclude":[]},"unresolvedImports":[],"projectRootPath":"/home/jason/web_apps/img-effects/public","kind":"discover"}
[07:29:46.756] Explicitly included types: []
[07:29:46.757] Inferred typings from unresolved imports: []
[07:29:46.757] Result: {"cachedTypingPaths":[],"newTypingNames":[],"filesToWatch":["/home/jason/web_apps/img-effects/public/bower_components","/home/jason/web_apps/img-effects/public/node_modules"]}
[07:29:46.757] Finished typings discovery: {"cachedTypingPaths":[],"newTypingNames":[],"filesToWatch":["/home/jason/web_apps/img-effects/public/bower_components","/home/jason/web_apps/img-effects/public/node_modules"]}
[07:29:46.757] Sending response:
    {"projectName":"/dev/null/inferredProject1*","typeAcquisition":{"enable":true,"include":[],"exclude":[]},"compilerOptions":{"module":1,"target":3,"jsx":1,"allowJs":true,"allowSyntheticDefaultImports":true,"allowNonTsExtensions":true,"noEmitForJsFiles":true,"maxNodeModuleJsDepth":2},"typings":[],"unresolvedImports":[],"kind":"action::set"}
[07:29:46.757] Response has been sent.
[07:29:46.757] No new typings were requested as a result of typings discovery
