Info 0    [07:21:37.265] Starting TS Server
Info 1    [07:21:37.266] Version: 4.6.3
Info 2    [07:21:37.266] Arguments: /usr/bin/node /home/jason/.emacs.d/.local/etc/.cache/lsp/npm/typescript/lib/node_modules/typescript/lib/tsserver.js --logFile /home/jason/web_apps/img-effects/.log/tsserver.log --logVerbosity info --cancellationPipeName /tmp/c5ea32d27dcc4a3bac4dd127ecaa5e4d/tscancellation*
Info 3    [07:21:37.266] Platform: linux NodeVersion: 17 CaseSensitive: true
Info 4    [07:21:37.266] ServerMode: undefined syntaxOnly: false hasUnknownServerMode: undefined
Info 5    [07:21:37.276] Format host information updated
Info 6    [07:21:37.286] Search path: /home/jason/web_apps/img-effects/public
Info 7    [07:21:37.286] For info: /home/jason/web_apps/img-effects/public/main.js :: No config files found.
Info 8    [07:21:37.289] Starting updateGraphWorker: Project: /dev/null/inferredProject1*
Info 9    [07:21:38.328] Finishing updateGraphWorker: Project: /dev/null/inferredProject1* Version: 1 structureChanged: true structureIsReused:: Not Elapsed: 1038.9127040002495ms
Info 10   [07:21:38.328] Project '/dev/null/inferredProject1*' (Inferred)
Info 11   [07:21:38.328] 	Files (168)

Info 12   [07:21:38.328] -----------------------------------------------
Info 13   [07:21:44.712] Starting updateGraphWorker: Project: /dev/null/inferredProject1*
Info 14   [07:21:44.756] Finishing updateGraphWorker: Project: /dev/null/inferredProject1* Version: 2 structureChanged: false structureIsReused:: Completely Elapsed: 44.39087100047618ms
Info 15   [07:21:44.756] Different program with same set of files
Info 16   [07:21:45.348] Starting updateGraphWorker: Project: /dev/null/inferredProject1*
Info 17   [07:21:45.381] Finishing updateGraphWorker: Project: /dev/null/inferredProject1* Version: 3 structureChanged: false structureIsReused:: Completely Elapsed: 33.380266999825835ms
Info 18   [07:21:45.381] Different program with same set of files
Info 19   [07:21:45.384] getCompletionData: Get current token: 0.04640699923038483
Info 20   [07:21:45.384] getCompletionData: Is inside comment: 0.05704699922353029
Info 21   [07:21:45.384] getCompletionData: Get previous token: 0.08902699965983629
Info 22   [07:21:45.385] getCompletionsAtPosition: isCompletionListBlocker: 0.44125800020992756
Info 23   [07:21:45.393] getExportInfoMap: cache miss or empty; calculating new results
Info 24   [07:21:45.425] getExportInfoMap: done in 32.94192500039935 ms
Info 25   [07:21:45.435] collectAutoImports: resolved 0 module specifiers, plus 0 ambient and 0 from cache
Info 26   [07:21:45.435] collectAutoImports: response is complete
Info 27   [07:21:45.435] collectAutoImports: 9.219712999649346
Info 28   [07:21:45.435] getCompletionData: Semantic work: 49.48575200047344
Info 29   [07:21:45.452] getCompletionsAtPosition: getCompletionEntriesFromSymbols: 16.65673099923879
Info 30   [07:21:46.485] Starting updateGraphWorker: Project: /dev/null/inferredProject1*
Info 31   [07:21:46.517] Finishing updateGraphWorker: Project: /dev/null/inferredProject1* Version: 4 structureChanged: false structureIsReused:: Completely Elapsed: 31.41890599951148ms
Info 32   [07:21:46.517] Different program with same set of files
Info 33   [07:21:46.518] Starting updateGraphWorker: Project: /dev/null/inferredProject1*
Info 34   [07:21:46.547] Finishing updateGraphWorker: Project: /dev/null/inferredProject1* Version: 5 structureChanged: false structureIsReused:: Completely Elapsed: 29.258321000263095ms
Info 35   [07:21:46.547] Different program with same set of files
Info 36   [07:21:46.825] Starting updateGraphWorker: Project: /dev/null/inferredProject1*
Info 37   [07:21:46.854] Finishing updateGraphWorker: Project: /dev/null/inferredProject1* Version: 6 structureChanged: false structureIsReused:: Completely Elapsed: 28.60552500002086ms
Info 38   [07:21:46.854] Different program with same set of files
Info 39   [07:21:46.855] Starting updateGraphWorker: Project: /dev/null/inferredProject1*
Info 40   [07:21:46.883] Finishing updateGraphWorker: Project: /dev/null/inferredProject1* Version: 7 structureChanged: false structureIsReused:: Completely Elapsed: 28.39489999972284ms
Info 41   [07:21:46.883] Different program with same set of files
Info 42   [07:21:47.384] Format host information updated
Info 43   [07:21:47.385] Format host information updated
Info 44   [07:21:47.385] Starting updateGraphWorker: Project: /dev/null/inferredProject1*
Info 45   [07:21:47.414] Finishing updateGraphWorker: Project: /dev/null/inferredProject1* Version: 8 structureChanged: false structureIsReused:: Completely Elapsed: 28.79761700052768ms
Info 46   [07:21:47.414] Different program with same set of files
Info 47   [07:21:47.415] getCompletionData: Get current token: 0.06893899943679571
Info 48   [07:21:47.415] getCompletionData: Is inside comment: 0.016862000338733196
Info 49   [07:21:47.415] getCompletionData: Get previous token: 0.12879200000315905
Info 50   [07:21:47.415] getCompletionsAtPosition: isCompletionListBlocker: 0.028223000466823578
Info 51   [07:21:47.419] getCompletionData: Semantic work: 3.5663720006123185
Info 52   [07:21:47.427] getCompletionData: Get current token: 0.03652899991720915
Info 53   [07:21:47.427] getCompletionData: Is inside comment: 0.006531999446451664
Info 54   [07:21:47.427] getCompletionData: Get previous token: 0.17315500043332577
Info 55   [07:21:47.427] getCompletionsAtPosition: isCompletionListBlocker: 0.018223999999463558
Info 56   [07:21:47.430] getCompletionData: Semantic work: 2.9861040003597736
Info 57   [07:21:47.841] Starting updateGraphWorker: Project: /dev/null/inferredProject1*
Info 58   [07:21:47.872] Finishing updateGraphWorker: Project: /dev/null/inferredProject1* Version: 9 structureChanged: false structureIsReused:: Completely Elapsed: 30.654880999587476ms
Info 59   [07:21:47.872] Different program with same set of files
Info 60   [07:21:47.873] getCompletionData: Get current token: 0.03671899996697903
Info 61   [07:21:47.873] getCompletionData: Is inside comment: 0.04851100035011768
Info 62   [07:21:47.873] getCompletionData: Get previous token: 0.045034000650048256
Info 63   [07:21:47.873] getCompletionsAtPosition: isCompletionListBlocker: 0.0036169998347759247
Info 64   [07:21:47.875] getCompletionData: Semantic work: 1.9747759997844696
Info 65   [07:21:47.877] getCompletionsAtPosition: getCompletionEntriesFromSymbols: 1.1806350005790591
Info 66   [07:21:47.878] getCompletionData: Get current token: 0.031929999589920044
Info 67   [07:21:47.878] getCompletionData: Is inside comment: 0.050054000690579414
Info 68   [07:21:47.878] getCompletionData: Get previous token: 0.04786999989300966
Info 69   [07:21:47.878] getCompletionsAtPosition: isCompletionListBlocker: 0.005140000022947788
Info 70   [07:21:47.878] getCompletionData: Semantic work: 0.2543869996443391
Info 71   [07:21:47.879] getCompletionsAtPosition: getCompletionEntriesFromSymbols: 0.47588299959897995
Info 72   [07:21:47.879] getCompletionData: Get current token: 0.029424999840557575
Info 73   [07:21:47.880] getCompletionData: Is inside comment: 0.048220000229775906
Info 74   [07:21:47.880] getCompletionData: Get previous token: 0.04464400000870228
Info 75   [07:21:47.880] getCompletionsAtPosition: isCompletionListBlocker: 0.0028860000893473625
Info 76   [07:21:47.880] getCompletionData: Semantic work: 0.2132399994879961
Info 77   [07:21:47.880] getCompletionsAtPosition: getCompletionEntriesFromSymbols: 0.34907499980181456
Info 78   [07:21:47.881] getCompletionData: Get current token: 0.030918000265955925
Info 79   [07:21:47.881] getCompletionData: Is inside comment: 0.1337109999731183
Info 80   [07:21:47.881] getCompletionData: Get previous token: 0.053149000741541386
Info 81   [07:21:47.881] getCompletionsAtPosition: isCompletionListBlocker: 0.0030360007658600807
Info 82   [07:21:47.881] getCompletionData: Semantic work: 0.24899800028651953
Info 83   [07:21:47.882] getCompletionsAtPosition: getCompletionEntriesFromSymbols: 0.38832900021225214
Info 84   [07:21:47.883] Starting updateGraphWorker: Project: /dev/null/inferredProject1*
Info 85   [07:21:47.912] Finishing updateGraphWorker: Project: /dev/null/inferredProject1* Version: 10 structureChanged: false structureIsReused:: Completely Elapsed: 28.879018999636173ms
Info 86   [07:21:47.912] Different program with same set of files
Info 87   [07:21:48.205] Starting updateGraphWorker: Project: /dev/null/inferredProject1*
Info 88   [07:21:48.225] Finishing updateGraphWorker: Project: /dev/null/inferredProject1* Version: 11 structureChanged: false structureIsReused:: Completely Elapsed: 19.90918399952352ms
Info 89   [07:21:48.225] Different program with same set of files
Info 90   [07:21:48.226] getCompletionData: Get current token: 0.01694200001657009
Info 91   [07:21:48.226] getCompletionData: Is inside comment: 0.023194000124931335
Info 92   [07:21:48.226] getCompletionData: Get previous token: 0.046267000027000904
Info 93   [07:21:48.226] getCompletionsAtPosition: isCompletionListBlocker: 0.0025649992749094963
Info 94   [07:21:48.226] getCompletionData: Semantic work: 0.411251999437809
Info 95   [07:21:48.227] getCompletionsAtPosition: getCompletionEntriesFromSymbols: 0.6727229999378324
Info 96   [07:21:48.889] Format host information updated
Info 97   [07:21:48.890] Format host information updated
Info 98   [07:21:48.890] Starting updateGraphWorker: Project: /dev/null/inferredProject1*
Info 99   [07:21:48.919] Finishing updateGraphWorker: Project: /dev/null/inferredProject1* Version: 12 structureChanged: false structureIsReused:: Completely Elapsed: 28.715522000566125ms
Info 100  [07:21:48.919] Different program with same set of files
Info 101  [07:21:48.919] getCompletionData: Get current token: 0.05946199968457222
Info 102  [07:21:48.919] getCompletionData: Is inside comment: 0.011150999926030636
Info 103  [07:21:48.919] getCompletionData: Get previous token: 0.1599899996072054
Info 104  [07:21:48.920] getCompletionsAtPosition: isCompletionListBlocker: 0.00760400015860796
Info 105  [07:21:48.920] getCompletionData: Semantic work: 0.65414800029248
Info 106  [07:21:48.928] getCompletionData: Get current token: 0.030977999791502953
Info 107  [07:21:48.929] getCompletionData: Is inside comment: 0.005188999697566032
Info 108  [07:21:48.929] getCompletionData: Get previous token: 0.07384900003671646
Info 109  [07:21:48.929] getCompletionsAtPosition: isCompletionListBlocker: 0.005300000309944153
Info 110  [07:21:48.929] getCompletionData: Semantic work: 0.2690350003540516
Info 111  [07:21:49.610] Starting updateGraphWorker: Project: /dev/null/inferredProject1*
Info 112  [07:21:49.643] Finishing updateGraphWorker: Project: /dev/null/inferredProject1* Version: 13 structureChanged: false structureIsReused:: Completely Elapsed: 32.495786000043154ms
Info 113  [07:21:49.643] Different program with same set of files
Info 114  [07:21:49.850] Starting updateGraphWorker: Project: /dev/null/inferredProject1*
Info 115  [07:21:49.880] Finishing updateGraphWorker: Project: /dev/null/inferredProject1* Version: 14 structureChanged: false structureIsReused:: Completely Elapsed: 29.778167000040412ms
Info 116  [07:21:49.880] Different program with same set of files
Info 117  [07:21:50.293] Starting updateGraphWorker: Project: /dev/null/inferredProject1*
Info 118  [07:21:50.320] Finishing updateGraphWorker: Project: /dev/null/inferredProject1* Version: 15 structureChanged: false structureIsReused:: Completely Elapsed: 27.68497799988836ms
Info 119  [07:21:50.320] Different program with same set of files
Info 120  [07:21:50.393] Starting updateGraphWorker: Project: /dev/null/inferredProject1*
Info 121  [07:21:50.420] Finishing updateGraphWorker: Project: /dev/null/inferredProject1* Version: 16 structureChanged: false structureIsReused:: Completely Elapsed: 26.863505999557674ms
Info 122  [07:21:50.420] Different program with same set of files
Info 123  [07:21:50.451] Starting updateGraphWorker: Project: /dev/null/inferredProject1*
Info 124  [07:21:50.478] Finishing updateGraphWorker: Project: /dev/null/inferredProject1* Version: 17 structureChanged: false structureIsReused:: Completely Elapsed: 27.020972000434995ms
Info 125  [07:21:50.478] Different program with same set of files
Info 126  [07:21:50.536] Starting updateGraphWorker: Project: /dev/null/inferredProject1*
Info 127  [07:21:50.563] Finishing updateGraphWorker: Project: /dev/null/inferredProject1* Version: 18 structureChanged: false structureIsReused:: Completely Elapsed: 27.062409999780357ms
Info 128  [07:21:50.563] Different program with same set of files
Info 129  [07:21:51.536] Starting updateGraphWorker: Project: /dev/null/inferredProject1*
Info 130  [07:21:51.564] Finishing updateGraphWorker: Project: /dev/null/inferredProject1* Version: 19 structureChanged: false structureIsReused:: Completely Elapsed: 27.129695000126958ms
Info 131  [07:21:51.564] Different program with same set of files
Info 132  [07:21:52.790] Starting updateGraphWorker: Project: /dev/null/inferredProject1*
Info 133  [07:21:52.817] Finishing updateGraphWorker: Project: /dev/null/inferredProject1* Version: 20 structureChanged: false structureIsReused:: Completely Elapsed: 27.536829999648035ms
Info 134  [07:21:52.818] Different program with same set of files
Info 135  [07:21:55.121] Starting updateGraphWorker: Project: /dev/null/inferredProject1*
Info 136  [07:21:55.148] Finishing updateGraphWorker: Project: /dev/null/inferredProject1* Version: 21 structureChanged: false structureIsReused:: Completely Elapsed: 26.937605999410152ms
Info 137  [07:21:55.148] Different program with same set of files
Info 138  [07:21:57.646] Starting updateGraphWorker: Project: /dev/null/inferredProject1*
Info 139  [07:21:57.674] Finishing updateGraphWorker: Project: /dev/null/inferredProject1* Version: 22 structureChanged: false structureIsReused:: Completely Elapsed: 27.08785600028932ms
Info 140  [07:21:57.674] Different program with same set of files
Info 141  [07:21:58.425] Starting updateGraphWorker: Project: /dev/null/inferredProject1*
Info 142  [07:21:58.453] Finishing updateGraphWorker: Project: /dev/null/inferredProject1* Version: 23 structureChanged: false structureIsReused:: Completely Elapsed: 27.093158000148833ms
Info 143  [07:21:58.453] Different program with same set of files
Info 144  [07:21:58.453] getCompletionData: Get current token: 0.022652999497950077
Info 145  [07:21:58.453] getCompletionData: Is inside comment: 0.037860999815166
Info 146  [07:21:58.453] getCompletionData: Get previous token: 0.06357999984174967
Info 147  [07:21:58.453] getCompletionsAtPosition: isCompletionListBlocker: 0.016030000522732735
Info 148  [07:21:58.457] getExportInfoMap: cache hit
Info 149  [07:21:58.463] collectAutoImports: resolved 0 module specifiers, plus 0 ambient and 0 from cache
Info 150  [07:21:58.463] collectAutoImports: response is complete
Info 151  [07:21:58.463] collectAutoImports: 5.347587000578642
Info 152  [07:21:58.463] getCompletionData: Semantic work: 9.499869999475777
Info 153  [07:21:58.480] getCompletionsAtPosition: getCompletionEntriesFromSymbols: 16.66325300000608
Info 154  [07:21:59.042] Starting updateGraphWorker: Project: /dev/null/inferredProject1*
Info 155  [07:21:59.068] Finishing updateGraphWorker: Project: /dev/null/inferredProject1* Version: 24 structureChanged: false structureIsReused:: Completely Elapsed: 26.716780999675393ms
Info 156  [07:21:59.068] Different program with same set of files
Info 157  [07:21:59.117] Format host information updated
Info 158  [07:21:59.117] Format host information updated
Info 159  [07:21:59.117] Starting updateGraphWorker: Project: /dev/null/inferredProject1*
Info 160  [07:21:59.142] Finishing updateGraphWorker: Project: /dev/null/inferredProject1* Version: 25 structureChanged: false structureIsReused:: Completely Elapsed: 25.29045500047505ms
Info 161  [07:21:59.142] Different program with same set of files
Info 162  [07:21:59.143] getCompletionData: Get current token: 0.055443999357521534
Info 163  [07:21:59.143] getCompletionData: Is inside comment: 0.010749999433755875
Info 164  [07:21:59.143] getCompletionData: Get previous token: 0.08958800043910742
Info 165  [07:21:59.143] getCompletionsAtPosition: isCompletionListBlocker: 0.018094000406563282
Info 166  [07:21:59.146] getCompletionData: Semantic work: 2.9558370001614094
Info 167  [07:21:59.153] getCompletionData: Get current token: 0.02875399962067604
Info 168  [07:21:59.153] getCompletionData: Is inside comment: 0.008936000056564808
Info 169  [07:21:59.153] getCompletionData: Get previous token: 0.06289900001138449
Info 170  [07:21:59.153] getCompletionsAtPosition: isCompletionListBlocker: 0.01027899980545044
Info 171  [07:21:59.155] getCompletionData: Semantic work: 2.419972000643611
Info 172  [07:22:00.261] Starting updateGraphWorker: Project: /dev/null/inferredProject1*
Info 173  [07:22:00.291] Finishing updateGraphWorker: Project: /dev/null/inferredProject1* Version: 26 structureChanged: false structureIsReused:: Completely Elapsed: 29.09340099990368ms
Info 174  [07:22:00.291] Different program with same set of files
Info 175  [07:22:15.233] Starting updateGraphWorker: Project: /dev/null/inferredProject1*
Info 176  [07:22:15.261] Finishing updateGraphWorker: Project: /dev/null/inferredProject1* Version: 27 structureChanged: false structureIsReused:: Completely Elapsed: 28.02273999992758ms
Info 177  [07:22:15.261] Different program with same set of files
Info 178  [07:22:15.261] getCompletionData: Get current token: 0.025477999821305275
Info 179  [07:22:15.261] getCompletionData: Is inside comment: 0.004298999905586243
Info 180  [07:22:15.261] getCompletionData: Get previous token: 0.08704400062561035
Info 181  [07:22:15.262] getCompletionsAtPosition: isCompletionListBlocker: 0.004358000122010708
Info 182  [07:22:15.264] getExportInfoMap: cache hit
Info 183  [07:22:15.267] collectAutoImports: resolved 0 module specifiers, plus 0 ambient and 0 from cache
Info 184  [07:22:15.267] collectAutoImports: response is complete
Info 185  [07:22:15.267] collectAutoImports: 2.448964999988675
Info 186  [07:22:15.267] getCompletionData: Semantic work: 5.535569999366999
Info 187  [07:22:15.282] getCompletionsAtPosition: getCompletionEntriesFromSymbols: 14.660583999939263
Info 188  [07:22:16.363] Starting updateGraphWorker: Project: /dev/null/inferredProject1*
Info 189  [07:22:16.389] Finishing updateGraphWorker: Project: /dev/null/inferredProject1* Version: 28 structureChanged: false structureIsReused:: Completely Elapsed: 25.927880000323057ms
Info 190  [07:22:16.389] Different program with same set of files
Info 191  [07:22:16.811] Starting updateGraphWorker: Project: /dev/null/inferredProject1*
Info 192  [07:22:16.836] Finishing updateGraphWorker: Project: /dev/null/inferredProject1* Version: 29 structureChanged: false structureIsReused:: Completely Elapsed: 25.37778799980879ms
Info 193  [07:22:16.836] Different program with same set of files
Info 194  [07:23:57.106] Starting updateGraphWorker: Project: /dev/null/inferredProject1*
Info 195  [07:23:57.138] Finishing updateGraphWorker: Project: /dev/null/inferredProject1* Version: 30 structureChanged: false structureIsReused:: Completely Elapsed: 31.85892099980265ms
Info 196  [07:23:57.138] Different program with same set of files
Info 197  [07:23:58.006] Starting updateGraphWorker: Project: /dev/null/inferredProject1*
Info 198  [07:23:58.039] Finishing updateGraphWorker: Project: /dev/null/inferredProject1* Version: 31 structureChanged: false structureIsReused:: Completely Elapsed: 32.362166999839246ms
Info 199  [07:23:58.039] Different program with same set of files
Info 200  [07:23:58.039] getCompletionData: Get current token: 0.005491000600159168
Info 201  [07:23:58.039] getCompletionData: Is inside comment: 0.013024000450968742
Info 202  [07:23:58.039] getCompletionData: Get previous token: 0.020809000357985497
Info 203  [07:23:58.039] getCompletionsAtPosition: isCompletionListBlocker: 0.01381599996238947
Info 204  [07:23:58.044] getExportInfoMap: cache hit
Info 205  [07:23:58.048] collectAutoImports: resolved 0 module specifiers, plus 0 ambient and 0 from cache
Info 206  [07:23:58.048] collectAutoImports: response is complete
Info 207  [07:23:58.048] collectAutoImports: 4.402362000197172
Info 208  [07:23:58.048] getCompletionData: Semantic work: 9.237495999783278
Info 209  [07:23:58.062] getCompletionsAtPosition: getCompletionEntriesFromSymbols: 13.313064999878407
Info 210  [07:23:58.732] Format host information updated
Info 211  [07:23:58.732] Format host information updated
Info 212  [07:23:58.733] Starting updateGraphWorker: Project: /dev/null/inferredProject1*
Info 213  [07:23:58.766] Finishing updateGraphWorker: Project: /dev/null/inferredProject1* Version: 32 structureChanged: false structureIsReused:: Completely Elapsed: 33.047461999580264ms
Info 214  [07:23:58.766] Different program with same set of files
Info 215  [07:23:58.767] getCompletionData: Get current token: 0.025787999853491783
Info 216  [07:23:58.767] getCompletionData: Is inside comment: 0.008256000466644764
Info 217  [07:23:58.767] getCompletionData: Get previous token: 0.042620000429451466
Info 218  [07:23:58.767] getCompletionsAtPosition: isCompletionListBlocker: 0.013856000266969204
Info 219  [07:23:58.770] getCompletionData: Semantic work: 3.103364000096917
Info 220  [07:23:58.773] getCompletionData: Get current token: 0.013325000181794167
Info 221  [07:23:58.773] getCompletionData: Is inside comment: 0.00465800054371357
Info 222  [07:23:58.773] getCompletionData: Get previous token: 0.027612000703811646
Info 223  [07:23:58.773] getCompletionsAtPosition: isCompletionListBlocker: 0.009978000074625015
Info 224  [07:23:58.775] getCompletionData: Semantic work: 2.466950999572873
Info 225  [07:23:59.096] Starting updateGraphWorker: Project: /dev/null/inferredProject1*
Info 226  [07:23:59.124] Finishing updateGraphWorker: Project: /dev/null/inferredProject1* Version: 33 structureChanged: false structureIsReused:: Completely Elapsed: 28.164398999884725ms
Info 227  [07:23:59.124] Different program with same set of files
Info 228  [07:23:59.124] getCompletionData: Get current token: 0.006722999736666679
Info 229  [07:23:59.125] getCompletionData: Is inside comment: 0.015368999913334846
Info 230  [07:23:59.125] getCompletionData: Get previous token: 0.01369599997997284
Info 231  [07:23:59.125] getCompletionsAtPosition: isCompletionListBlocker: 0.00406700000166893
Info 232  [07:23:59.126] getCompletionData: Semantic work: 1.301642999984324
Info 233  [07:23:59.128] getCompletionsAtPosition: getCompletionEntriesFromSymbols: 0.8369909999892116
Info 234  [07:23:59.129] getCompletionData: Get current token: 0.005529999732971191
Info 235  [07:23:59.129] getCompletionData: Is inside comment: 0.015308999456465244
Info 236  [07:23:59.129] getCompletionData: Get previous token: 0.013836000114679337
Info 237  [07:23:59.129] getCompletionsAtPosition: isCompletionListBlocker: 0.0032559996470808983
Info 238  [07:23:59.129] getCompletionData: Semantic work: 0.17227300070226192
Info 239  [07:23:59.129] getCompletionsAtPosition: getCompletionEntriesFromSymbols: 0.3548860000446439
Info 240  [07:23:59.130] getCompletionData: Get current token: 0.004437999799847603
Info 241  [07:23:59.130] getCompletionData: Is inside comment: 0.013685000129044056
Info 242  [07:23:59.130] getCompletionData: Get previous token: 0.011029999703168869
Info 243  [07:23:59.130] getCompletionsAtPosition: isCompletionListBlocker: 0.00294599961489439
Info 244  [07:23:59.130] getCompletionData: Semantic work: 0.1451819995418191
Info 245  [07:23:59.130] getCompletionsAtPosition: getCompletionEntriesFromSymbols: 0.25481799989938736
Info 246  [07:23:59.131] getCompletionData: Get current token: 0.005239999853074551
Info 247  [07:23:59.131] getCompletionData: Is inside comment: 0.0132039999589324
Info 248  [07:23:59.131] getCompletionData: Get previous token: 0.010619999840855598
Info 249  [07:23:59.131] getCompletionsAtPosition: isCompletionListBlocker: 0.0029250001534819603
Info 250  [07:23:59.131] getCompletionData: Semantic work: 0.14908900018781424
Info 251  [07:23:59.131] getCompletionsAtPosition: getCompletionEntriesFromSymbols: 0.2581740003079176
Info 252  [07:23:59.132] Starting updateGraphWorker: Project: /dev/null/inferredProject1*
Info 253  [07:23:59.159] Finishing updateGraphWorker: Project: /dev/null/inferredProject1* Version: 34 structureChanged: false structureIsReused:: Completely Elapsed: 27.328600000590086ms
Info 254  [07:23:59.159] Different program with same set of files
Info 255  [07:23:59.314] getCompletionData: Get current token: 0.004629000090062618
Info 256  [07:23:59.314] getCompletionData: Is inside comment: 0.012853999622166157
Info 257  [07:23:59.314] getCompletionData: Get previous token: 0.02217199932783842
Info 258  [07:23:59.314] getCompletionsAtPosition: isCompletionListBlocker: 0.0031059999018907547
Info 259  [07:23:59.315] getCompletionData: Semantic work: 0.35563799925148487
Info 260  [07:23:59.315] getCompletionsAtPosition: getCompletionEntriesFromSymbols: 0.864253000356257
Info 261  [07:23:59.750] Format host information updated
Info 262  [07:23:59.751] Format host information updated
Info 263  [07:23:59.751] Starting updateGraphWorker: Project: /dev/null/inferredProject1*
Info 264  [07:23:59.781] Finishing updateGraphWorker: Project: /dev/null/inferredProject1* Version: 35 structureChanged: false structureIsReused:: Completely Elapsed: 30.183176999911666ms
Info 265  [07:23:59.781] Different program with same set of files
Info 266  [07:23:59.781] getCompletionData: Get current token: 0.02289300039410591
Info 267  [07:23:59.781] getCompletionData: Is inside comment: 0.014967999421060085
Info 268  [07:23:59.781] getCompletionData: Get previous token: 0.03840199951082468
Info 269  [07:23:59.782] getCompletionsAtPosition: isCompletionListBlocker: 0.003987000323832035
Info 270  [07:23:59.782] getCompletionData: Semantic work: 0.46463199984282255
Info 271  [07:23:59.786] getCompletionData: Get current token: 0.015629000030457973
Info 272  [07:23:59.786] getCompletionData: Is inside comment: 0.004207000136375427
Info 273  [07:23:59.786] getCompletionData: Get previous token: 0.0319199999794364
Info 274  [07:23:59.786] getCompletionsAtPosition: isCompletionListBlocker: 0.0032669994980096817
Info 275  [07:23:59.786] getCompletionData: Semantic work: 0.15889800060540438
Info 276  [07:24:00.184] Starting updateGraphWorker: Project: /dev/null/inferredProject1*
Info 277  [07:24:00.213] Finishing updateGraphWorker: Project: /dev/null/inferredProject1* Version: 36 structureChanged: false structureIsReused:: Completely Elapsed: 28.305542999878526ms
Info 278  [07:24:00.213] Different program with same set of files
Info 279  [07:24:00.424] Starting updateGraphWorker: Project: /dev/null/inferredProject1*
Info 280  [07:24:00.450] Finishing updateGraphWorker: Project: /dev/null/inferredProject1* Version: 37 structureChanged: false structureIsReused:: Completely Elapsed: 26.072843000292778ms
Info 281  [07:24:00.450] Different program with same set of files
Info 282  [07:24:00.596] Starting updateGraphWorker: Project: /dev/null/inferredProject1*
Info 283  [07:24:00.622] Finishing updateGraphWorker: Project: /dev/null/inferredProject1* Version: 38 structureChanged: false structureIsReused:: Completely Elapsed: 25.424637000076473ms
Info 284  [07:24:00.622] Different program with same set of files
Info 285  [07:24:00.683] Starting updateGraphWorker: Project: /dev/null/inferredProject1*
Info 286  [07:24:00.709] Finishing updateGraphWorker: Project: /dev/null/inferredProject1* Version: 39 structureChanged: false structureIsReused:: Completely Elapsed: 25.715882999822497ms
Info 287  [07:24:00.709] Different program with same set of files
Info 288  [07:24:00.748] Starting updateGraphWorker: Project: /dev/null/inferredProject1*
Info 289  [07:24:00.774] Finishing updateGraphWorker: Project: /dev/null/inferredProject1* Version: 40 structureChanged: false structureIsReused:: Completely Elapsed: 25.90870500076562ms
Info 290  [07:24:00.774] Different program with same set of files
Info 291  [07:24:00.836] Starting updateGraphWorker: Project: /dev/null/inferredProject1*
Info 292  [07:24:00.862] Finishing updateGraphWorker: Project: /dev/null/inferredProject1* Version: 41 structureChanged: false structureIsReused:: Completely Elapsed: 26.21890600025654ms
Info 293  [07:24:00.862] Different program with same set of files
Info 294  [07:24:02.051] Starting updateGraphWorker: Project: /dev/null/inferredProject1*
Info 295  [07:24:02.077] Finishing updateGraphWorker: Project: /dev/null/inferredProject1* Version: 42 structureChanged: false structureIsReused:: Completely Elapsed: 26.25815000012517ms
Info 296  [07:24:02.077] Different program with same set of files
Info 297  [07:24:02.945] Starting updateGraphWorker: Project: /dev/null/inferredProject1*
Info 298  [07:24:02.970] Finishing updateGraphWorker: Project: /dev/null/inferredProject1* Version: 43 structureChanged: false structureIsReused:: Completely Elapsed: 25.002163000404835ms
Info 299  [07:24:02.970] Different program with same set of files
Info 300  [07:24:06.369] Starting updateGraphWorker: Project: /dev/null/inferredProject1*
Info 301  [07:24:06.395] Finishing updateGraphWorker: Project: /dev/null/inferredProject1* Version: 44 structureChanged: false structureIsReused:: Completely Elapsed: 26.028597000055015ms
Info 302  [07:24:06.395] Different program with same set of files
Info 303  [07:24:06.490] Starting updateGraphWorker: Project: /dev/null/inferredProject1*
Info 304  [07:24:06.506] Finishing updateGraphWorker: Project: /dev/null/inferredProject1* Version: 45 structureChanged: false structureIsReused:: Completely Elapsed: 16.15504899993539ms
Info 305  [07:24:06.506] Different program with same set of files
Info 306  [07:24:07.383] Starting updateGraphWorker: Project: /dev/null/inferredProject1*
Info 307  [07:24:07.409] Finishing updateGraphWorker: Project: /dev/null/inferredProject1* Version: 46 structureChanged: false structureIsReused:: Completely Elapsed: 26.576144999824464ms
Info 308  [07:24:07.409] Different program with same set of files
Info 309  [07:24:07.410] getCompletionData: Get current token: 0.005229000002145767
Info 310  [07:24:07.410] getCompletionData: Is inside comment: 0.01590999960899353
Info 311  [07:24:07.410] getCompletionData: Get previous token: 0.01170200016349554
Info 312  [07:24:07.410] getCompletionsAtPosition: isCompletionListBlocker: 0.003926999866962433
Info 313  [07:24:07.410] getCompletionData: Semantic work: 0.59580900054425
Info 314  [07:24:07.411] getCompletionsAtPosition: getCompletionEntriesFromSymbols: 0.7551880003884435
Info 315  [07:24:07.412] getCompletionData: Get current token: 0.004979999735951424
Info 316  [07:24:07.412] getCompletionData: Is inside comment: 0.014056999236345291
Info 317  [07:24:07.412] getCompletionData: Get previous token: 0.011682000011205673
Info 318  [07:24:07.412] getCompletionsAtPosition: isCompletionListBlocker: 0.0033069998025894165
Info 319  [07:24:07.413] getCompletionData: Semantic work: 0.27891299966722727
Info 320  [07:24:07.413] getCompletionsAtPosition: getCompletionEntriesFromSymbols: 0.3182880003005266
Info 321  [07:24:07.413] getCompletionData: Get current token: 0.007273000665009022
Info 322  [07:24:07.413] getCompletionData: Is inside comment: 0.015067999251186848
Info 323  [07:24:07.413] getCompletionData: Get previous token: 0.011531000025570393
Info 324  [07:24:07.414] getCompletionsAtPosition: isCompletionListBlocker: 0.003247000277042389
Info 325  [07:24:07.414] getCompletionData: Semantic work: 0.2843429995700717
Info 326  [07:24:07.414] getCompletionsAtPosition: getCompletionEntriesFromSymbols: 0.2657590005546808
Info 327  [07:24:07.414] getCompletionData: Get current token: 0.00410699937492609
Info 328  [07:24:07.414] getCompletionData: Is inside comment: 0.012653999961912632
Info 329  [07:24:07.415] getCompletionData: Get previous token: 0.010369000025093555
Info 330  [07:24:07.415] getCompletionsAtPosition: isCompletionListBlocker: 0.003046000376343727
Info 331  [07:24:07.415] getCompletionData: Semantic work: 0.12832999974489212
Info 332  [07:24:07.415] getCompletionsAtPosition: getCompletionEntriesFromSymbols: 0.25538900028914213
Info 333  [07:24:07.415] Starting updateGraphWorker: Project: /dev/null/inferredProject1*
Info 334  [07:24:07.441] Finishing updateGraphWorker: Project: /dev/null/inferredProject1* Version: 47 structureChanged: false structureIsReused:: Completely Elapsed: 25.368982000276446ms
Info 335  [07:24:07.441] Different program with same set of files
Info 336  [07:24:07.595] getCompletionData: Get current token: 0.004539000801742077
Info 337  [07:24:07.595] getCompletionData: Is inside comment: 0.01335499994456768
Info 338  [07:24:07.595] getCompletionData: Get previous token: 0.022392000071704388
Info 339  [07:24:07.595] getCompletionsAtPosition: isCompletionListBlocker: 0.07582200039178133
Info 340  [07:24:07.596] getCompletionData: Semantic work: 0.4062230000272393
Info 341  [07:24:07.597] getCompletionsAtPosition: getCompletionEntriesFromSymbols: 0.8817839995026588
Info 342  [07:24:07.597] getCompletionData: Get current token: 0.003647000528872013
Info 343  [07:24:07.597] getCompletionData: Is inside comment: 0.010819999501109123
Info 344  [07:24:07.597] getCompletionData: Get previous token: 0.018825000151991844
Info 345  [07:24:07.597] getCompletionsAtPosition: isCompletionListBlocker: 0.004699000157415867
Info 346  [07:24:07.598] getCompletionData: Semantic work: 0.23100300040096045
Info 347  [07:24:07.598] getCompletionsAtPosition: getCompletionEntriesFromSymbols: 0.25426699966192245
Info 348  [07:24:07.598] getCompletionData: Get current token: 0.004970000125467777
Info 349  [07:24:07.598] getCompletionData: Is inside comment: 0.0173120005056262
Info 350  [07:24:07.598] getCompletionData: Get previous token: 0.02198099996894598
Info 351  [07:24:07.598] getCompletionsAtPosition: isCompletionListBlocker: 0.0030549997463822365
Info 352  [07:24:07.599] getCompletionData: Semantic work: 0.16528999991714954
Info 353  [07:24:07.599] getCompletionsAtPosition: getCompletionEntriesFromSymbols: 0.2423750003799796
Info 354  [07:24:07.599] getCompletionData: Get current token: 0.0033459998667240143
Info 355  [07:24:07.599] getCompletionData: Is inside comment: 0.010027999989688396
Info 356  [07:24:07.599] getCompletionData: Get previous token: 0.018094000406563282
Info 357  [07:24:07.599] getCompletionsAtPosition: isCompletionListBlocker: 0.0025850003585219383
Info 358  [07:24:07.599] getCompletionData: Semantic work: 0.10072899982333183
Info 359  [07:24:07.600] getCompletionsAtPosition: getCompletionEntriesFromSymbols: 0.2309529995545745
Info 360  [07:24:07.600] Starting updateGraphWorker: Project: /dev/null/inferredProject1*
Info 361  [07:24:07.622] Finishing updateGraphWorker: Project: /dev/null/inferredProject1* Version: 48 structureChanged: false structureIsReused:: Completely Elapsed: 22.323846000246704ms
Info 362  [07:24:07.622] Different program with same set of files
Info 363  [07:24:07.797] getCompletionData: Get current token: 0.00445799995213747
Info 364  [07:24:07.797] getCompletionData: Is inside comment: 0.01157199963927269
Info 365  [07:24:07.804] getCompletionData: Get previous token: 0.017934000119566917
Info 366  [07:24:07.804] getCompletionsAtPosition: isCompletionListBlocker: 0.0037170005962252617
Info 367  [07:24:07.805] getCompletionData: Semantic work: 0.5144759994000196
Info 368  [07:24:07.806] getCompletionsAtPosition: getCompletionEntriesFromSymbols: 0.7686620000749826
Info 369  [07:24:08.227] Starting updateGraphWorker: Project: /dev/null/inferredProject1*
Info 370  [07:24:08.243] Finishing updateGraphWorker: Project: /dev/null/inferredProject1* Version: 49 structureChanged: false structureIsReused:: Completely Elapsed: 15.967296999879181ms
Info 371  [07:24:08.243] Different program with same set of files
Info 372  [07:24:08.585] Starting updateGraphWorker: Project: /dev/null/inferredProject1*
Info 373  [07:24:08.607] Finishing updateGraphWorker: Project: /dev/null/inferredProject1* Version: 50 structureChanged: false structureIsReused:: Completely Elapsed: 22.221105000004172ms
Info 374  [07:24:08.607] Different program with same set of files
Info 375  [07:24:08.892] Starting updateGraphWorker: Project: /dev/null/inferredProject1*
Info 376  [07:24:08.918] Finishing updateGraphWorker: Project: /dev/null/inferredProject1* Version: 51 structureChanged: false structureIsReused:: Completely Elapsed: 25.81623199954629ms
Info 377  [07:24:08.918] Different program with same set of files
Info 378  [07:24:09.740] Starting updateGraphWorker: Project: /dev/null/inferredProject1*
Info 379  [07:24:09.768] Finishing updateGraphWorker: Project: /dev/null/inferredProject1* Version: 52 structureChanged: false structureIsReused:: Completely Elapsed: 28.67779199965298ms
Info 380  [07:24:09.768] Different program with same set of files
Info 381  [07:24:09.865] Starting updateGraphWorker: Project: /dev/null/inferredProject1*
Info 382  [07:24:09.893] Finishing updateGraphWorker: Project: /dev/null/inferredProject1* Version: 53 structureChanged: false structureIsReused:: Completely Elapsed: 28.037008999846876ms
Info 383  [07:24:09.893] Different program with same set of files
Info 384  [07:24:14.229] Starting updateGraphWorker: Project: /dev/null/inferredProject1*
Info 385  [07:24:14.255] Finishing updateGraphWorker: Project: /dev/null/inferredProject1* Version: 54 structureChanged: false structureIsReused:: Completely Elapsed: 25.85090700071305ms
Info 386  [07:24:14.255] Different program with same set of files
Info 387  [07:24:16.199] Starting updateGraphWorker: Project: /dev/null/inferredProject1*
Info 388  [07:24:16.226] Finishing updateGraphWorker: Project: /dev/null/inferredProject1* Version: 55 structureChanged: false structureIsReused:: Completely Elapsed: 26.89541499968618ms
Info 389  [07:24:16.226] Different program with same set of files
Info 390  [07:26:37.023] Starting updateGraphWorker: Project: /dev/null/inferredProject1*
Info 391  [07:26:37.069] Finishing updateGraphWorker: Project: /dev/null/inferredProject1* Version: 56 structureChanged: false structureIsReused:: Completely Elapsed: 46.61260100081563ms
Info 392  [07:26:37.069] Different program with same set of files
Info 393  [07:26:37.114] Starting updateGraphWorker: Project: /dev/null/inferredProject1*
Info 394  [07:26:37.137] Finishing updateGraphWorker: Project: /dev/null/inferredProject1* Version: 57 structureChanged: false structureIsReused:: Completely Elapsed: 23.074186000041664ms
Info 395  [07:26:37.137] Different program with same set of files
Info 396  [07:26:37.627] Starting updateGraphWorker: Project: /dev/null/inferredProject1*
Info 397  [07:26:37.660] Finishing updateGraphWorker: Project: /dev/null/inferredProject1* Version: 58 structureChanged: false structureIsReused:: Completely Elapsed: 32.67581500019878ms
Info 398  [07:26:37.660] Different program with same set of files
Info 399  [07:26:37.660] getCompletionData: Get current token: 0.003957999870181084
Info 400  [07:26:37.660] getCompletionData: Is inside comment: 0.010470000095665455
Info 401  [07:26:37.660] getCompletionData: Get previous token: 0.01614100020378828
Info 402  [07:26:37.661] getCompletionsAtPosition: isCompletionListBlocker: 0.4036179995164275
Info 403  [07:26:37.667] getExportInfoMap: cache hit
Info 404  [07:26:37.673] collectAutoImports: resolved 0 module specifiers, plus 0 ambient and 0 from cache
Info 405  [07:26:37.673] collectAutoImports: response is complete
Info 406  [07:26:37.673] collectAutoImports: 5.800636999309063
Info 407  [07:26:37.673] getCompletionData: Semantic work: 12.25117199961096
Info 408  [07:26:37.686] getCompletionsAtPosition: getCompletionEntriesFromSymbols: 12.601258999668062
Info 409  [07:26:38.652] Starting updateGraphWorker: Project: /dev/null/inferredProject1*
Info 410  [07:26:38.678] Finishing updateGraphWorker: Project: /dev/null/inferredProject1* Version: 59 structureChanged: false structureIsReused:: Completely Elapsed: 25.990217000246048ms
Info 411  [07:26:38.678] Different program with same set of files
Info 412  [07:26:38.678] getCompletionData: Get current token: 0.003557000309228897
Info 413  [07:26:38.678] getCompletionData: Is inside comment: 0.011682000011205673
Info 414  [07:26:38.678] getCompletionData: Get previous token: 0.015579000115394592
Info 415  [07:26:38.679] getCompletionsAtPosition: isCompletionListBlocker: 0.018554999493062496
Info 416  [07:26:38.682] getExportInfoMap: cache hit
Info 417  [07:26:38.689] collectAutoImports: resolved 0 module specifiers, plus 0 ambient and 0 from cache
Info 418  [07:26:38.689] collectAutoImports: response is complete
Info 419  [07:26:38.689] collectAutoImports: 6.892746000550687
Info 420  [07:26:38.689] getCompletionData: Semantic work: 10.110035000368953
Info 421  [07:26:38.702] getCompletionsAtPosition: getCompletionEntriesFromSymbols: 13.493765000253916
Info 422  [07:26:38.788] Starting updateGraphWorker: Project: /dev/null/inferredProject1*
Info 423  [07:26:38.814] Finishing updateGraphWorker: Project: /dev/null/inferredProject1* Version: 60 structureChanged: false structureIsReused:: Completely Elapsed: 25.43965299986303ms
Info 424  [07:26:38.814] Different program with same set of files
Info 425  [07:26:38.814] getCompletionData: Get current token: 0.003507000394165516
Info 426  [07:26:38.814] getCompletionData: Is inside comment: 0.009116999804973602
Info 427  [07:26:38.814] getCompletionData: Get previous token: 0.01461699977517128
Info 428  [07:26:38.814] getCompletionsAtPosition: isCompletionListBlocker: 0.017602999694645405
Info 429  [07:26:38.817] getExportInfoMap: cache hit
Info 430  [07:26:38.826] collectAutoImports: resolved 0 module specifiers, plus 0 ambient and 0 from cache
Info 431  [07:26:38.826] collectAutoImports: response is complete
Info 432  [07:26:38.826] collectAutoImports: 8.619075999595225
Info 433  [07:26:38.826] getCompletionData: Semantic work: 11.26568299997598
Info 434  [07:26:38.837] getCompletionsAtPosition: getCompletionEntriesFromSymbols: 10.908643000759184
Info 435  [07:26:39.111] Starting updateGraphWorker: Project: /dev/null/inferredProject1*
Info 436  [07:26:39.136] Finishing updateGraphWorker: Project: /dev/null/inferredProject1* Version: 61 structureChanged: false structureIsReused:: Completely Elapsed: 25.233647000044584ms
Info 437  [07:26:39.136] Different program with same set of files
Info 438  [07:26:39.521] Starting updateGraphWorker: Project: /dev/null/inferredProject1*
Info 439  [07:26:39.546] Finishing updateGraphWorker: Project: /dev/null/inferredProject1* Version: 62 structureChanged: false structureIsReused:: Completely Elapsed: 24.934055999852717ms
Info 440  [07:26:39.546] Different program with same set of files
Info 441  [07:29:46.625] Search path: /home/jason/web_apps/img-effects/public
Info 442  [07:29:46.625] For info: /home/jason/web_apps/img-effects/public/main.js :: No config files found.
Info 443  [07:29:46.625] Starting updateGraphWorker: Project: /dev/null/inferredProject1*
Info 444  [07:29:46.654] Finishing updateGraphWorker: Project: /dev/null/inferredProject1* Version: 63 structureChanged: false structureIsReused:: Completely Elapsed: 28.883396999910474ms
Info 445  [07:29:46.654] Project '/dev/null/inferredProject1*' (Inferred)
Info 446  [07:29:46.654] 	Files (168)

Info 447  [07:29:46.654] -----------------------------------------------
Info 448  [07:29:48.425] Starting updateGraphWorker: Project: /dev/null/inferredProject1*
Info 449  [07:29:48.454] Finishing updateGraphWorker: Project: /dev/null/inferredProject1* Version: 64 structureChanged: false structureIsReused:: Completely Elapsed: 28.53548500034958ms
Info 450  [07:29:48.454] Different program with same set of files
Info 451  [07:29:48.454] getCompletionData: Get current token: 0.002954999916255474
Info 452  [07:29:48.454] getCompletionData: Is inside comment: 0.009847999550402164
Info 453  [07:29:48.454] getCompletionData: Get previous token: 0.016541000455617905
Info 454  [07:29:48.454] getCompletionsAtPosition: isCompletionListBlocker: 0.01811400055885315
Info 455  [07:29:48.457] getExportInfoMap: cache miss or empty; calculating new results
Info 456  [07:29:48.487] getExportInfoMap: done in 30.141127000562847 ms
Info 457  [07:29:48.495] collectAutoImports: resolved 0 module specifiers, plus 0 ambient and 0 from cache
Info 458  [07:29:48.495] collectAutoImports: response is complete
Info 459  [07:29:48.495] collectAutoImports: 7.953347000293434
Info 460  [07:29:48.495] getCompletionData: Semantic work: 40.53265100065619
Info 461  [07:29:48.504] getCompletionsAtPosition: getCompletionEntriesFromSymbols: 8.58449999988079
Info 462  [07:29:49.284] Starting updateGraphWorker: Project: /dev/null/inferredProject1*
Info 463  [07:29:49.315] Finishing updateGraphWorker: Project: /dev/null/inferredProject1* Version: 65 structureChanged: false structureIsReused:: Completely Elapsed: 31.09189200028777ms
Info 464  [07:29:49.315] Different program with same set of files
Info 465  [07:29:50.493] Starting updateGraphWorker: Project: /dev/null/inferredProject1*
Info 466  [07:29:50.519] Finishing updateGraphWorker: Project: /dev/null/inferredProject1* Version: 66 structureChanged: false structureIsReused:: Completely Elapsed: 26.13944600056857ms
Info 467  [07:29:50.519] Different program with same set of files
Info 468  [07:29:57.435] Starting updateGraphWorker: Project: /dev/null/inferredProject1*
Info 469  [07:29:57.473] Finishing updateGraphWorker: Project: /dev/null/inferredProject1* Version: 67 structureChanged: false structureIsReused:: Completely Elapsed: 37.36086700018495ms
Info 470  [07:29:57.473] Different program with same set of files
Info 471  [07:31:50.369] Starting updateGraphWorker: Project: /dev/null/inferredProject1*
Info 472  [07:31:50.405] Finishing updateGraphWorker: Project: /dev/null/inferredProject1* Version: 68 structureChanged: false structureIsReused:: Completely Elapsed: 35.571239000186324ms
Info 473  [07:31:50.405] Different program with same set of files
Info 474  [07:31:51.109] Starting updateGraphWorker: Project: /dev/null/inferredProject1*
Info 475  [07:31:51.134] Finishing updateGraphWorker: Project: /dev/null/inferredProject1* Version: 69 structureChanged: false structureIsReused:: Completely Elapsed: 24.863501999527216ms
Info 476  [07:31:51.134] Different program with same set of files
Info 477  [07:31:51.134] getCompletionData: Get current token: 0.003557000309228897
Info 478  [07:31:51.134] getCompletionData: Is inside comment: 0.010250000283122063
Info 479  [07:31:51.134] getCompletionData: Get previous token: 0.015389000065624714
Info 480  [07:31:51.135] getCompletionsAtPosition: isCompletionListBlocker: 0.4661839995533228
Info 481  [07:31:51.141] getExportInfoMap: cache hit
Info 482  [07:31:51.143] collectAutoImports: resolved 0 module specifiers, plus 0 ambient and 0 from cache
Info 483  [07:31:51.143] collectAutoImports: response is complete
Info 484  [07:31:51.143] collectAutoImports: 2.2313270000740886
Info 485  [07:31:51.143] getCompletionData: Semantic work: 8.46839200053364
Info 486  [07:31:51.150] getCompletionsAtPosition: getCompletionEntriesFromSymbols: 6.283133000135422
Info 487  [07:31:51.880] Starting updateGraphWorker: Project: /dev/null/inferredProject1*
Info 488  [07:31:51.911] Finishing updateGraphWorker: Project: /dev/null/inferredProject1* Version: 70 structureChanged: false structureIsReused:: Completely Elapsed: 30.996512999758124ms
Info 489  [07:31:51.911] Different program with same set of files
Info 490  [07:31:51.911] getCompletionData: Get current token: 0.003978000022470951
Info 491  [07:31:51.911] getCompletionData: Is inside comment: 0.010218999348580837
Info 492  [07:31:51.911] getCompletionData: Get previous token: 0.016280999407172203
Info 493  [07:31:51.911] getCompletionsAtPosition: isCompletionListBlocker: 0.01903500035405159
Info 494  [07:31:51.915] getExportInfoMap: cache hit
Info 495  [07:31:51.921] collectAutoImports: resolved 0 module specifiers, plus 0 ambient and 0 from cache
Info 496  [07:31:51.921] collectAutoImports: response is complete
Info 497  [07:31:51.921] collectAutoImports: 5.725934999994934
Info 498  [07:31:51.921] getCompletionData: Semantic work: 9.594106000848114
Info 499  [07:31:51.933] getCompletionsAtPosition: getCompletionEntriesFromSymbols: 12.209413999691606
Info 500  [07:31:51.998] Starting updateGraphWorker: Project: /dev/null/inferredProject1*
Info 501  [07:31:52.019] Finishing updateGraphWorker: Project: /dev/null/inferredProject1* Version: 71 structureChanged: false structureIsReused:: Completely Elapsed: 20.01773799955845ms
Info 502  [07:31:52.019] Different program with same set of files
Info 503  [07:31:52.019] getCompletionData: Get current token: 0.0027550002560019493
Info 504  [07:31:52.019] getCompletionData: Is inside comment: 0.007683999836444855
Info 505  [07:31:52.019] getCompletionData: Get previous token: 0.011872000060975552
Info 506  [07:31:52.019] getCompletionsAtPosition: isCompletionListBlocker: 0.015068000182509422
Info 507  [07:31:52.022] getExportInfoMap: cache hit
Info 508  [07:31:52.028] collectAutoImports: resolved 0 module specifiers, plus 0 ambient and 0 from cache
Info 509  [07:31:52.028] collectAutoImports: response is complete
Info 510  [07:31:52.028] collectAutoImports: 6.183624999597669
Info 511  [07:31:52.028] getCompletionData: Semantic work: 9.12239099945873
Info 512  [07:31:52.036] getCompletionsAtPosition: getCompletionEntriesFromSymbols: 8.184209999628365
Info 513  [07:31:52.110] Starting updateGraphWorker: Project: /dev/null/inferredProject1*
Info 514  [07:31:52.134] Finishing updateGraphWorker: Project: /dev/null/inferredProject1* Version: 72 structureChanged: false structureIsReused:: Completely Elapsed: 23.74450199957937ms
Info 515  [07:31:52.134] Different program with same set of files
Info 516  [07:31:52.134] getCompletionData: Get current token: 0.003496999852359295
Info 517  [07:31:52.134] getCompletionData: Is inside comment: 0.009957999922335148
Info 518  [07:31:52.134] getCompletionData: Get previous token: 0.015649999491870403
Info 519  [07:31:52.134] getCompletionsAtPosition: isCompletionListBlocker: 0.017052000388503075
Info 520  [07:31:52.137] getExportInfoMap: cache hit
Info 521  [07:31:52.145] collectAutoImports: resolved 0 module specifiers, plus 0 ambient and 0 from cache
Info 522  [07:31:52.145] collectAutoImports: response is complete
Info 523  [07:31:52.145] collectAutoImports: 7.926455999724567
Info 524  [07:31:52.145] getCompletionData: Semantic work: 10.9640769995749
Info 525  [07:31:52.153] getCompletionsAtPosition: getCompletionEntriesFromSymbols: 7.740966999903321
Info 526  [07:31:52.511] Starting updateGraphWorker: Project: /dev/null/inferredProject1*
Info 527  [07:31:52.536] Finishing updateGraphWorker: Project: /dev/null/inferredProject1* Version: 73 structureChanged: false structureIsReused:: Completely Elapsed: 25.32435700017959ms
Info 528  [07:31:52.536] Different program with same set of files
Info 529  [07:31:52.863] Starting updateGraphWorker: Project: /dev/null/inferredProject1*
Info 530  [07:31:52.888] Finishing updateGraphWorker: Project: /dev/null/inferredProject1* Version: 74 structureChanged: false structureIsReused:: Completely Elapsed: 24.996261999942362ms
Info 531  [07:31:52.888] Different program with same set of files
Info 532  [07:31:59.578] Starting updateGraphWorker: Project: /dev/null/inferredProject1*
Info 533  [07:31:59.602] Finishing updateGraphWorker: Project: /dev/null/inferredProject1* Version: 75 structureChanged: false structureIsReused:: Completely Elapsed: 24.444565000012517ms
Info 534  [07:31:59.603] Different program with same set of files
Info 535  [07:32:01.762] Starting updateGraphWorker: Project: /dev/null/inferredProject1*
Info 536  [07:32:01.787] Finishing updateGraphWorker: Project: /dev/null/inferredProject1* Version: 76 structureChanged: false structureIsReused:: Completely Elapsed: 25.101650000549853ms
Info 537  [07:32:01.788] Different program with same set of files
Info 538  [07:32:02.393] Starting updateGraphWorker: Project: /dev/null/inferredProject1*
Info 539  [07:32:02.418] Finishing updateGraphWorker: Project: /dev/null/inferredProject1* Version: 77 structureChanged: false structureIsReused:: Completely Elapsed: 24.62408300023526ms
Info 540  [07:32:02.418] Different program with same set of files
Info 541  [07:32:02.864] Starting updateGraphWorker: Project: /dev/null/inferredProject1*
Info 542  [07:32:02.890] Finishing updateGraphWorker: Project: /dev/null/inferredProject1* Version: 78 structureChanged: false structureIsReused:: Completely Elapsed: 25.51867299992591ms
Info 543  [07:32:02.890] Different program with same set of files
Info 544  [07:32:03.188] Starting updateGraphWorker: Project: /dev/null/inferredProject1*
Info 545  [07:32:03.210] Finishing updateGraphWorker: Project: /dev/null/inferredProject1* Version: 79 structureChanged: false structureIsReused:: Completely Elapsed: 21.444566000252962ms
Info 546  [07:32:03.210] Different program with same set of files
Info 547  [07:32:03.507] Starting updateGraphWorker: Project: /dev/null/inferredProject1*
Info 548  [07:32:03.533] Finishing updateGraphWorker: Project: /dev/null/inferredProject1* Version: 80 structureChanged: false structureIsReused:: Completely Elapsed: 25.220170999877155ms
Info 549  [07:32:03.533] Different program with same set of files
Info 550  [07:32:03.789] Starting updateGraphWorker: Project: /dev/null/inferredProject1*
Info 551  [07:32:03.815] Finishing updateGraphWorker: Project: /dev/null/inferredProject1* Version: 81 structureChanged: false structureIsReused:: Completely Elapsed: 25.31207299977541ms
Info 552  [07:32:03.815] Different program with same set of files
Info 553  [07:32:04.188] Starting updateGraphWorker: Project: /dev/null/inferredProject1*
Info 554  [07:32:04.213] Finishing updateGraphWorker: Project: /dev/null/inferredProject1* Version: 82 structureChanged: false structureIsReused:: Completely Elapsed: 25.02028700057417ms
Info 555  [07:32:04.213] Different program with same set of files
Info 556  [07:32:04.636] Starting updateGraphWorker: Project: /dev/null/inferredProject1*
Info 557  [07:32:04.660] Finishing updateGraphWorker: Project: /dev/null/inferredProject1* Version: 83 structureChanged: false structureIsReused:: Completely Elapsed: 24.676009999588132ms
Info 558  [07:32:04.660] Different program with same set of files
Info 559  [07:32:05.056] Starting updateGraphWorker: Project: /dev/null/inferredProject1*
Info 560  [07:32:05.081] Finishing updateGraphWorker: Project: /dev/null/inferredProject1* Version: 84 structureChanged: false structureIsReused:: Completely Elapsed: 25.0003890004009ms
Info 561  [07:32:05.081] Different program with same set of files
Info 562  [07:32:05.584] Starting updateGraphWorker: Project: /dev/null/inferredProject1*
Info 563  [07:32:05.610] Finishing updateGraphWorker: Project: /dev/null/inferredProject1* Version: 85 structureChanged: false structureIsReused:: Completely Elapsed: 26.23398400004953ms
Info 564  [07:32:05.610] Different program with same set of files
Info 565  [07:32:06.190] Starting updateGraphWorker: Project: /dev/null/inferredProject1*
Info 566  [07:32:06.215] Finishing updateGraphWorker: Project: /dev/null/inferredProject1* Version: 86 structureChanged: false structureIsReused:: Completely Elapsed: 24.9436130002141ms
Info 567  [07:32:06.215] Different program with same set of files
Info 568  [07:32:07.773] Starting updateGraphWorker: Project: /dev/null/inferredProject1*
Info 569  [07:32:07.799] Finishing updateGraphWorker: Project: /dev/null/inferredProject1* Version: 87 structureChanged: false structureIsReused:: Completely Elapsed: 25.569558000192046ms
Info 570  [07:32:07.799] Different program with same set of files
Info 571  [07:32:10.618] Starting updateGraphWorker: Project: /dev/null/inferredProject1*
Info 572  [07:32:10.643] Finishing updateGraphWorker: Project: /dev/null/inferredProject1* Version: 88 structureChanged: false structureIsReused:: Completely Elapsed: 25.62466899957508ms
Info 573  [07:32:10.643] Different program with same set of files
Info 574  [07:32:13.301] Starting updateGraphWorker: Project: /dev/null/inferredProject1*
Info 575  [07:32:13.327] Finishing updateGraphWorker: Project: /dev/null/inferredProject1* Version: 89 structureChanged: false structureIsReused:: Completely Elapsed: 25.320079000666738ms
Info 576  [07:32:13.327] Different program with same set of files
Info 577  [07:32:13.702] Starting updateGraphWorker: Project: /dev/null/inferredProject1*
Info 578  [07:32:13.727] Finishing updateGraphWorker: Project: /dev/null/inferredProject1* Version: 90 structureChanged: false structureIsReused:: Completely Elapsed: 24.74323599971831ms
Info 579  [07:32:13.727] Different program with same set of files
Info 580  [07:32:17.644] Starting updateGraphWorker: Project: /dev/null/inferredProject1*
Info 581  [07:32:17.669] Finishing updateGraphWorker: Project: /dev/null/inferredProject1* Version: 91 structureChanged: false structureIsReused:: Completely Elapsed: 24.834607999771833ms
Info 582  [07:32:17.669] Different program with same set of files
Info 583  [07:32:17.669] getCompletionData: Get current token: 0.003756999969482422
Info 584  [07:32:17.669] getCompletionData: Is inside comment: 0.01249299943447113
Info 585  [07:32:17.670] getCompletionData: Get previous token: 0.03297199960798025
Info 586  [07:32:17.670] getCompletionsAtPosition: isCompletionListBlocker: 0.018585000187158585
Info 587  [07:32:17.673] getExportInfoMap: cache hit
Info 588  [07:32:17.677] collectAutoImports: resolved 0 module specifiers, plus 0 ambient and 0 from cache
Info 589  [07:32:17.677] collectAutoImports: response is complete
Info 590  [07:32:17.677] collectAutoImports: 3.325431000441313
Info 591  [07:32:17.677] getCompletionData: Semantic work: 7.00766299944371
Info 592  [07:32:17.685] getCompletionsAtPosition: getCompletionEntriesFromSymbols: 8.665271999314427
Info 593  [07:32:18.422] Starting updateGraphWorker: Project: /dev/null/inferredProject1*
Info 594  [07:32:18.448] Finishing updateGraphWorker: Project: /dev/null/inferredProject1* Version: 92 structureChanged: false structureIsReused:: Completely Elapsed: 25.92598700057715ms
Info 595  [07:32:18.448] Different program with same set of files
Info 596  [07:32:18.984] Starting updateGraphWorker: Project: /dev/null/inferredProject1*
Info 597  [07:32:19.010] Finishing updateGraphWorker: Project: /dev/null/inferredProject1* Version: 93 structureChanged: false structureIsReused:: Completely Elapsed: 25.993033000268042ms
Info 598  [07:32:19.010] Different program with same set of files
Info 599  [07:32:20.412] Starting updateGraphWorker: Project: /dev/null/inferredProject1*
Info 600  [07:32:20.436] Finishing updateGraphWorker: Project: /dev/null/inferredProject1* Version: 94 structureChanged: false structureIsReused:: Completely Elapsed: 24.54264899995178ms
Info 601  [07:32:20.436] Different program with same set of files
Info 602  [07:34:19.954] Starting updateGraphWorker: Project: /dev/null/inferredProject1*
Info 603  [07:34:20.004] Finishing updateGraphWorker: Project: /dev/null/inferredProject1* Version: 95 structureChanged: false structureIsReused:: Completely Elapsed: 49.638439000584185ms
Info 604  [07:34:20.004] Different program with same set of files
Info 605  [07:34:20.861] Starting updateGraphWorker: Project: /dev/null/inferredProject1*
Info 606  [07:34:20.896] Finishing updateGraphWorker: Project: /dev/null/inferredProject1* Version: 96 structureChanged: false structureIsReused:: Completely Elapsed: 35.214820000343025ms
Info 607  [07:34:20.896] Different program with same set of files
Info 608  [07:34:20.896] getCompletionData: Get current token: 0.0050999997183680534
Info 609  [07:34:20.896] getCompletionData: Is inside comment: 0.016049999743700027
Info 610  [07:34:20.897] getCompletionData: Get previous token: 0.026338999159634113
Info 611  [07:34:20.897] getCompletionsAtPosition: isCompletionListBlocker: 0.020037999376654625
Info 612  [07:34:20.900] getExportInfoMap: cache hit
Info 613  [07:34:20.905] collectAutoImports: resolved 0 module specifiers, plus 0 ambient and 0 from cache
Info 614  [07:34:20.905] collectAutoImports: response is complete
Info 615  [07:34:20.905] collectAutoImports: 4.551180999726057
Info 616  [07:34:20.905] getCompletionData: Semantic work: 8.573049999773502
Info 617  [07:34:20.918] getCompletionsAtPosition: getCompletionEntriesFromSymbols: 12.32564300019294
Info 618  [07:34:21.592] Format host information updated
Info 619  [07:34:21.593] Format host information updated
Info 620  [07:34:21.593] Starting updateGraphWorker: Project: /dev/null/inferredProject1*
Info 621  [07:34:21.620] Finishing updateGraphWorker: Project: /dev/null/inferredProject1* Version: 97 structureChanged: false structureIsReused:: Completely Elapsed: 27.31807899940759ms
Info 622  [07:34:21.620] Different program with same set of files
Info 623  [07:34:21.621] getCompletionData: Get current token: 0.020138000138103962
Info 624  [07:34:21.621] getCompletionData: Is inside comment: 0.007544000633060932
Info 625  [07:34:21.621] getCompletionData: Get previous token: 0.03800200019031763
Info 626  [07:34:21.621] getCompletionsAtPosition: isCompletionListBlocker: 0.01487799920141697
Info 627  [07:34:21.624] getCompletionData: Semantic work: 3.2292099995538592
Info 628  [07:34:21.627] getCompletionData: Get current token: 0.011462000198662281
Info 629  [07:34:21.627] getCompletionData: Is inside comment: 0.003546999767422676
Info 630  [07:34:21.627] getCompletionData: Get previous token: 0.02307299990206957
Info 631  [07:34:21.627] getCompletionsAtPosition: isCompletionListBlocker: 0.010129000060260296
Info 632  [07:34:21.630] getCompletionData: Semantic work: 2.627470999956131
Info 633  [07:34:21.833] Starting updateGraphWorker: Project: /dev/null/inferredProject1*
Info 634  [07:34:21.860] Finishing updateGraphWorker: Project: /dev/null/inferredProject1* Version: 98 structureChanged: false structureIsReused:: Completely Elapsed: 27.673797000199556ms
Info 635  [07:34:21.860] Different program with same set of files
Info 636  [07:34:22.523] Starting updateGraphWorker: Project: /dev/null/inferredProject1*
Info 637  [07:34:22.553] Finishing updateGraphWorker: Project: /dev/null/inferredProject1* Version: 99 structureChanged: false structureIsReused:: Completely Elapsed: 30.10147299990058ms
Info 638  [07:34:22.553] Different program with same set of files
Info 639  [07:34:22.554] getCompletionData: Get current token: 0.00482999999076128
Info 640  [07:34:22.554] getCompletionData: Is inside comment: 0.017442000098526478
Info 641  [07:34:22.554] getCompletionData: Get previous token: 0.033472999930381775
Info 642  [07:34:22.554] getCompletionsAtPosition: isCompletionListBlocker: 0.006982999853789806
Info 643  [07:34:22.555] getCompletionData: Semantic work: 0.9675460001453757
Info 644  [07:34:22.556] getCompletionsAtPosition: getCompletionEntriesFromSymbols: 0.9676559995859861
Info 645  [07:34:23.092] Format host information updated
Info 646  [07:34:23.092] Format host information updated
Info 647  [07:34:23.092] Starting updateGraphWorker: Project: /dev/null/inferredProject1*
Info 648  [07:34:23.123] Finishing updateGraphWorker: Project: /dev/null/inferredProject1* Version: 100 structureChanged: false structureIsReused:: Completely Elapsed: 30.199026999995112ms
Info 649  [07:34:23.123] Different program with same set of files
Info 650  [07:34:23.123] getCompletionData: Get current token: 0.01457700040191412
Info 651  [07:34:23.123] getCompletionData: Is inside comment: 0.03495499957352877
Info 652  [07:34:23.123] getCompletionData: Get previous token: 0.042388999834656715
Info 653  [07:34:23.123] getCompletionsAtPosition: isCompletionListBlocker: 0.005750999785959721
Info 654  [07:34:23.124] getCompletionData: Semantic work: 0.548267999663949
Info 655  [07:34:23.127] getCompletionData: Get current token: 0.011261999607086182
Info 656  [07:34:23.127] getCompletionData: Is inside comment: 0.028963999822735786
Info 657  [07:34:23.127] getCompletionData: Get previous token: 0.04138700012117624
Info 658  [07:34:23.127] getCompletionsAtPosition: isCompletionListBlocker: 0.003997000865638256
Info 659  [07:34:23.127] getCompletionData: Semantic work: 0.2036319999024272
Info 660  [07:34:23.399] Starting updateGraphWorker: Project: /dev/null/inferredProject1*
Info 661  [07:34:23.428] Finishing updateGraphWorker: Project: /dev/null/inferredProject1* Version: 101 structureChanged: false structureIsReused:: Completely Elapsed: 29.565506000071764ms
Info 662  [07:34:23.428] Different program with same set of files
Info 663  [07:34:23.599] Starting updateGraphWorker: Project: /dev/null/inferredProject1*
Info 664  [07:34:23.627] Finishing updateGraphWorker: Project: /dev/null/inferredProject1* Version: 102 structureChanged: false structureIsReused:: Completely Elapsed: 28.478558000177145ms
Info 665  [07:34:23.627] Different program with same set of files
Info 666  [07:34:24.339] Starting updateGraphWorker: Project: /dev/null/inferredProject1*
Info 667  [07:34:24.370] Finishing updateGraphWorker: Project: /dev/null/inferredProject1* Version: 103 structureChanged: false structureIsReused:: Completely Elapsed: 30.63071500044316ms
Info 668  [07:34:24.370] Different program with same set of files
Info 669  [07:34:24.372] Starting updateGraphWorker: Project: /dev/null/inferredProject1*
Info 670  [07:34:24.398] Finishing updateGraphWorker: Project: /dev/null/inferredProject1* Version: 104 structureChanged: false structureIsReused:: Completely Elapsed: 26.051652999594808ms
Info 671  [07:34:24.398] Different program with same set of files
Info 672  [07:34:24.399] Starting updateGraphWorker: Project: /dev/null/inferredProject1*
Info 673  [07:34:24.421] Finishing updateGraphWorker: Project: /dev/null/inferredProject1* Version: 105 structureChanged: false structureIsReused:: Completely Elapsed: 21.611730000004172ms
Info 674  [07:34:24.421] Different program with same set of files
Info 675  [07:34:24.422] Starting updateGraphWorker: Project: /dev/null/inferredProject1*
Info 676  [07:34:24.441] Finishing updateGraphWorker: Project: /dev/null/inferredProject1* Version: 106 structureChanged: false structureIsReused:: Completely Elapsed: 18.13396400026977ms
Info 677  [07:34:24.441] Different program with same set of files
Info 678  [07:34:24.442] Starting updateGraphWorker: Project: /dev/null/inferredProject1*
Info 679  [07:34:24.460] Finishing updateGraphWorker: Project: /dev/null/inferredProject1* Version: 107 structureChanged: false structureIsReused:: Completely Elapsed: 17.510863999836147ms
Info 680  [07:34:24.460] Different program with same set of files
Info 681  [07:34:24.461] Starting updateGraphWorker: Project: /dev/null/inferredProject1*
Info 682  [07:34:24.477] Finishing updateGraphWorker: Project: /dev/null/inferredProject1* Version: 108 structureChanged: false structureIsReused:: Completely Elapsed: 16.655667999759316ms
Info 683  [07:34:24.478] Different program with same set of files
Info 684  [07:34:42.996] Starting updateGraphWorker: Project: /dev/null/inferredProject1*
Info 685  [07:34:43.029] Finishing updateGraphWorker: Project: /dev/null/inferredProject1* Version: 109 structureChanged: false structureIsReused:: Completely Elapsed: 33.74684499949217ms
Info 686  [07:34:43.029] Different program with same set of files
Info 687  [07:34:46.177] Starting updateGraphWorker: Project: /dev/null/inferredProject1*
Info 688  [07:34:46.212] Finishing updateGraphWorker: Project: /dev/null/inferredProject1* Version: 110 structureChanged: false structureIsReused:: Completely Elapsed: 35.37951800040901ms
Info 689  [07:34:46.212] Different program with same set of files
Info 690  [07:34:48.340] Starting updateGraphWorker: Project: /dev/null/inferredProject1*
Info 691  [07:34:48.372] Finishing updateGraphWorker: Project: /dev/null/inferredProject1* Version: 111 structureChanged: false structureIsReused:: Completely Elapsed: 31.758222000673413ms
Info 692  [07:34:48.372] Different program with same set of files
Info 693  [07:34:50.572] Starting updateGraphWorker: Project: /dev/null/inferredProject1*
Info 694  [07:34:50.603] Finishing updateGraphWorker: Project: /dev/null/inferredProject1* Version: 112 structureChanged: false structureIsReused:: Completely Elapsed: 30.41452100034803ms
Info 695  [07:34:50.603] Different program with same set of files
Info 696  [07:34:51.867] Starting updateGraphWorker: Project: /dev/null/inferredProject1*
Info 697  [07:34:51.893] Finishing updateGraphWorker: Project: /dev/null/inferredProject1* Version: 113 structureChanged: false structureIsReused:: Completely Elapsed: 26.2762050004676ms
Info 698  [07:34:51.893] Different program with same set of files
Info 699  [07:34:51.894] getCompletionData: Get current token: 0.008996999822556973
Info 700  [07:34:51.894] getCompletionData: Is inside comment: 0.0026549994945526123
Info 701  [07:34:51.894] getCompletionData: Get previous token: 0.029205000028014183
Info 702  [07:34:51.894] getCompletionsAtPosition: isCompletionListBlocker: 0.0794700002297759
Info 703  [07:34:51.898] getExportInfoMap: cache hit
Info 704  [07:34:51.901] collectAutoImports: resolved 0 module specifiers, plus 0 ambient and 0 from cache
Info 705  [07:34:51.901] collectAutoImports: response is complete
Info 706  [07:34:51.901] collectAutoImports: 2.9775400003418326
Info 707  [07:34:51.901] getCompletionData: Semantic work: 6.9680479997769
Info 708  [07:34:51.913] getCompletionsAtPosition: getCompletionEntriesFromSymbols: 11.244572999887168
Info 709  [07:34:53.196] Starting updateGraphWorker: Project: /dev/null/inferredProject1*
Info 710  [07:34:53.221] Finishing updateGraphWorker: Project: /dev/null/inferredProject1* Version: 114 structureChanged: false structureIsReused:: Completely Elapsed: 25.53060400020331ms
Info 711  [07:34:53.221] Different program with same set of files
Info 712  [07:34:54.118] Starting updateGraphWorker: Project: /dev/null/inferredProject1*
Info 713  [07:34:54.145] Finishing updateGraphWorker: Project: /dev/null/inferredProject1* Version: 115 structureChanged: false structureIsReused:: Completely Elapsed: 26.56880300026387ms
Info 714  [07:34:54.145] Different program with same set of files
Info 715  [07:34:54.528] Starting updateGraphWorker: Project: /dev/null/inferredProject1*
Info 716  [07:34:54.553] Finishing updateGraphWorker: Project: /dev/null/inferredProject1* Version: 116 structureChanged: false structureIsReused:: Completely Elapsed: 24.884872999973595ms
Info 717  [07:34:54.553] Different program with same set of files
Info 718  [07:34:55.753] Starting updateGraphWorker: Project: /dev/null/inferredProject1*
Info 719  [07:34:55.779] Finishing updateGraphWorker: Project: /dev/null/inferredProject1* Version: 117 structureChanged: false structureIsReused:: Completely Elapsed: 25.604252999648452ms
Info 720  [07:34:55.779] Different program with same set of files
Info 721  [07:34:56.736] Starting updateGraphWorker: Project: /dev/null/inferredProject1*
Info 722  [07:34:56.761] Finishing updateGraphWorker: Project: /dev/null/inferredProject1* Version: 118 structureChanged: false structureIsReused:: Completely Elapsed: 24.459574999287724ms
Info 723  [07:34:56.761] Different program with same set of files
